<?xml version="1.0" encoding="UTF-8"?>
<!-- Generated by org.testng.reporters.JUnitXMLReporter -->
<testsuite ignored="30" hostname="BGVM1" failures="1" tests="1" name="Run Login27" time="27.064" errors="0" timestamp="2025-07-29T07:11:50 UTC">
  <testcase classname="TestComponents.NegativeTestCases" name="Login27" time="19.953">
    <failure type="org.openqa.selenium.StaleElementReferenceException" message="stale element reference: stale element not found in the current frame
  (Session info: chrome=138.0.7204.169)
For documentation on this error, please visit: https://www.selenium.dev/documentation/webdriver/troubleshooting/errors#stale-element-reference-exception
Build info: version: &amp;apos;4.21.0&amp;apos;, revision: &amp;apos;79ed462ef4&amp;apos;
System info: os.name: &amp;apos;Windows 11&amp;apos;, os.arch: &amp;apos;amd64&amp;apos;, os.version: &amp;apos;10.0&amp;apos;, java.version: &amp;apos;21.0.7&amp;apos;
Driver info: org.openqa.selenium.chrome.ChromeDriver
Command: [a4a4972269df9e759e1e730353716c41, isElementDisplayed {id=f.7F006B6569C79C2E4ED1C3178073C877.d.E3EE6EC20F43E6D92624AF0548996F3F.e.229}]
Capabilities {acceptInsecureCerts: false, browserName: chrome, browserVersion: 138.0.7204.169, chrome: {chromedriverVersion: 138.0.7204.168 (3e8d82e86e9..., userDataDir: C:\Windows\SystemTemp\scope...}, fedcm:accounts: true, goog:chromeOptions: {debuggerAddress: localhost:52646}, networkConnectionEnabled: false, pageLoadStrategy: normal, platformName: windows, proxy: Proxy(), se:cdp: ws://localhost:52646/devtoo..., se:cdpVersion: 138.0.7204.169, setWindowRect: true, strictFileInteractability: false, timeouts: {implicit: 0, pageLoad: 300000, script: 30000}, unhandledPromptBehavior: dismiss and notify, webauthn:extension:credBlob: true, webauthn:extension:largeBlob: true, webauthn:extension:minPinLength: true, webauthn:extension:prf: true, webauthn:virtualAuthenticators: true}
Element: [[ChromeDriver: chrome on windows (a4a4972269df9e759e1e730353716c41)] -&amp;gt; xpath: (//table[contains(@class, &amp;apos;table-hover&amp;apos;)]/tbody)[4]/tr]
Session ID: a4a4972269df9e759e1e730353716c41">
      <![CDATA[org.openqa.selenium.StaleElementReferenceException: stale element reference: stale element not found in the current frame
  (Session info: chrome=138.0.7204.169)
For documentation on this error, please visit: https://www.selenium.dev/documentation/webdriver/troubleshooting/errors#stale-element-reference-exception
Build info: version: '4.21.0', revision: '79ed462ef4'
System info: os.name: 'Windows 11', os.arch: 'amd64', os.version: '10.0', java.version: '21.0.7'
Driver info: org.openqa.selenium.chrome.ChromeDriver
Command: [a4a4972269df9e759e1e730353716c41, isElementDisplayed {id=f.7F006B6569C79C2E4ED1C3178073C877.d.E3EE6EC20F43E6D92624AF0548996F3F.e.229}]
Capabilities {acceptInsecureCerts: false, browserName: chrome, browserVersion: 138.0.7204.169, chrome: {chromedriverVersion: 138.0.7204.168 (3e8d82e86e9..., userDataDir: C:\Windows\SystemTemp\scope...}, fedcm:accounts: true, goog:chromeOptions: {debuggerAddress: localhost:52646}, networkConnectionEnabled: false, pageLoadStrategy: normal, platformName: windows, proxy: Proxy(), se:cdp: ws://localhost:52646/devtoo..., se:cdpVersion: 138.0.7204.169, setWindowRect: true, strictFileInteractability: false, timeouts: {implicit: 0, pageLoad: 300000, script: 30000}, unhandledPromptBehavior: dismiss and notify, webauthn:extension:credBlob: true, webauthn:extension:largeBlob: true, webauthn:extension:minPinLength: true, webauthn:extension:prf: true, webauthn:virtualAuthenticators: true}
Element: [[ChromeDriver: chrome on windows (a4a4972269df9e759e1e730353716c41)] -> xpath: (//table[contains(@class, 'table-hover')]/tbody)[4]/tr]
Session ID: a4a4972269df9e759e1e730353716c41
at org.openqa.selenium.remote.ErrorCodec.decode(ErrorCodec.java:167)
at org.openqa.selenium.remote.codec.w3c.W3CHttpResponseCodec.decode(W3CHttpResponseCodec.java:138)
at org.openqa.selenium.remote.codec.w3c.W3CHttpResponseCodec.decode(W3CHttpResponseCodec.java:50)
at org.openqa.selenium.remote.HttpCommandExecutor.execute(HttpCommandExecutor.java:190)
at org.openqa.selenium.remote.service.DriverCommandExecutor.invokeExecute(DriverCommandExecutor.java:216)
at org.openqa.selenium.remote.service.DriverCommandExecutor.execute(DriverCommandExecutor.java:174)
at org.openqa.selenium.remote.RemoteWebDriver.execute(RemoteWebDriver.java:518)
at org.openqa.selenium.remote.RemoteWebElement.execute(RemoteWebElement.java:223)
at org.openqa.selenium.remote.RemoteWebElement.isDisplayed(RemoteWebElement.java:282)
at org.openqa.selenium.support.ui.ExpectedConditions$9.apply(ExpectedConditions.java:264)
at org.openqa.selenium.support.ui.ExpectedConditions$9.apply(ExpectedConditions.java:260)
at org.openqa.selenium.support.ui.FluentWait.until(FluentWait.java:203)
at EzionAbstractionComponents.Abstraction.waitForVisibility(Abstraction.java:98)
at PharmacyIndentFlow.IndentApprovalTablePage.findAndEditIndentForApproval(IndentApprovalTablePage.java:39)
at TestComponents.NegativeTestCases.Login27(NegativeTestCases.java:851)
at java.base/java.util.ArrayList.forEach(ArrayList.java:1596)
... Removed 28 stack frames]]>
    </failure>
  </testcase> <!-- Login27 -->
  <testcase classname="TestComponents.NegativeTestCases" name="Login11" time="0.0">
    <ignored/>
  </testcase> <!-- Login11 -->
  <testcase classname="TestComponents.NegativeTestCases" name="Login21" time="0.0">
    <ignored/>
  </testcase> <!-- Login21 -->
  <testcase classname="TestComponents.NegativeTestCases" name="Login1" time="0.0">
    <ignored/>
  </testcase> <!-- Login1 -->
  <testcase classname="TestComponents.NegativeTestCases" name="Login13" time="0.0">
    <ignored/>
  </testcase> <!-- Login13 -->
  <testcase classname="TestComponents.NegativeTestCases" name="Login18" time="0.0">
    <ignored/>
  </testcase> <!-- Login18 -->
  <testcase classname="TestComponents.NegativeTestCases" name="Login31" time="0.0">
    <ignored/>
  </testcase> <!-- Login31 -->
  <testcase classname="TestComponents.NegativeTestCases" name="Login7" time="0.0">
    <ignored/>
  </testcase> <!-- Login7 -->
  <testcase classname="TestComponents.NegativeTestCases" name="Login23" time="0.0">
    <ignored/>
  </testcase> <!-- Login23 -->
  <testcase classname="TestComponents.NegativeTestCases" name="Login3" time="0.0">
    <ignored/>
  </testcase> <!-- Login3 -->
  <testcase classname="TestComponents.NegativeTestCases" name="Login15" time="0.0">
    <ignored/>
  </testcase> <!-- Login15 -->
  <testcase classname="TestComponents.NegativeTestCases" name="Login25" time="0.0">
    <ignored/>
  </testcase> <!-- Login25 -->
  <testcase classname="TestComponents.NegativeTestCases" name="Login5" time="0.0">
    <ignored/>
  </testcase> <!-- Login5 -->
  <testcase classname="TestComponents.NegativeTestCases" name="Login17" time="0.0">
    <ignored/>
  </testcase> <!-- Login17 -->
  <testcase classname="TestComponents.NegativeTestCases" name="Login2" time="0.0">
    <ignored/>
  </testcase> <!-- Login2 -->
  <testcase classname="TestComponents.NegativeTestCases" name="Login22" time="0.0">
    <ignored/>
  </testcase> <!-- Login22 -->
  <testcase classname="TestComponents.NegativeTestCases" name="Login10" time="0.0">
    <ignored/>
  </testcase> <!-- Login10 -->
  <testcase classname="TestComponents.NegativeTestCases" name="Login24" time="0.0">
    <ignored/>
  </testcase> <!-- Login24 -->
  <testcase classname="TestComponents.NegativeTestCases" name="Login4" time="0.0">
    <ignored/>
  </testcase> <!-- Login4 -->
  <testcase classname="TestComponents.NegativeTestCases" name="Login19" time="0.0">
    <ignored/>
  </testcase> <!-- Login19 -->
  <testcase classname="TestComponents.NegativeTestCases" name="Login29" time="0.0">
    <ignored/>
  </testcase> <!-- Login29 -->
  <testcase classname="TestComponents.NegativeTestCases" name="Login9" time="0.0">
    <ignored/>
  </testcase> <!-- Login9 -->
  <testcase classname="TestComponents.NegativeTestCases" name="Login30" time="0.0">
    <ignored/>
  </testcase> <!-- Login30 -->
  <testcase classname="TestComponents.NegativeTestCases" name="Login20" time="0.0">
    <ignored/>
  </testcase> <!-- Login20 -->
  <testcase classname="TestComponents.NegativeTestCases" name="Login16" time="0.0">
    <ignored/>
  </testcase> <!-- Login16 -->
  <testcase classname="TestComponents.NegativeTestCases" name="Login12" time="0.0">
    <ignored/>
  </testcase> <!-- Login12 -->
  <testcase classname="TestComponents.NegativeTestCases" name="Login26" time="0.0">
    <ignored/>
  </testcase> <!-- Login26 -->
  <testcase classname="TestComponents.NegativeTestCases" name="Login6" time="0.0">
    <ignored/>
  </testcase> <!-- Login6 -->
  <testcase classname="TestComponents.NegativeTestCases" name="Login14" time="0.0">
    <ignored/>
  </testcase> <!-- Login14 -->
  <testcase classname="TestComponents.NegativeTestCases" name="Login28" time="0.0">
    <ignored/>
  </testcase> <!-- Login28 -->
  <testcase classname="TestComponents.NegativeTestCases" name="Login8" time="0.0">
    <ignored/>
  </testcase> <!-- Login8 -->
</testsuite> <!-- Run Login27 -->
