<?xml version="1.0" encoding="UTF-8"?>
<!-- Generated by org.testng.reporters.JUnitXMLReporter -->
<testsuite ignored="0" hostname="BGVM1" failures="1" tests="10" name="PharmacyLogin Test" time="3.505" errors="0" timestamp="2025-07-09T05:44:04 UTC">
  <testcase classname="TestComponents.PharmacyLogin2" name="PharmacyLogin2_ShouldLoginSuccessfullyForUser" time="0.026">
    <failure type="org.openqa.selenium.NoSuchWindowException" message="no such window: target window already closed
from unknown error: web view not found
  (Session info: MicrosoftEdge=138.0.3351.65)
Build info: version: &amp;apos;4.21.0&amp;apos;, revision: &amp;apos;79ed462ef4&amp;apos;
System info: os.name: &amp;apos;Windows 11&amp;apos;, os.arch: &amp;apos;amd64&amp;apos;, os.version: &amp;apos;10.0&amp;apos;, java.version: &amp;apos;24.0.1&amp;apos;
Driver info: org.openqa.selenium.edge.EdgeDriver
Command: [c1b46471b1f99a5c02e5b7f7f0ac98bf, findElement {using=xpath, value=//div[@class=&amp;quot;form-control-group&amp;quot;]//input}]
Capabilities {acceptInsecureCerts: false, browserName: MicrosoftEdge, browserVersion: 138.0.3351.65, fedcm:accounts: true, ms:edgeOptions: {debuggerAddress: localhost:55760}, msedge: {msedgedriverVersion: 138.0.3351.77 (efaf6935b436..., userDataDir: C:\Windows\SystemTemp\scope...}, networkConnectionEnabled: false, pageLoadStrategy: normal, platformName: windows, proxy: Proxy(), se:cdp: ws://localhost:55760/devtoo..., se:cdpVersion: 138.0.3351.65, setWindowRect: true, strictFileInteractability: false, timeouts: {implicit: 0, pageLoad: 300000, script: 30000}, unhandledPromptBehavior: dismiss and notify, webauthn:extension:credBlob: true, webauthn:extension:largeBlob: true, webauthn:extension:minPinLength: true, webauthn:extension:prf: true, webauthn:virtualAuthenticators: true}
Session ID: c1b46471b1f99a5c02e5b7f7f0ac98bf">
      <![CDATA[org.openqa.selenium.NoSuchWindowException: no such window: target window already closed
from unknown error: web view not found
  (Session info: MicrosoftEdge=138.0.3351.65)
Build info: version: '4.21.0', revision: '79ed462ef4'
System info: os.name: 'Windows 11', os.arch: 'amd64', os.version: '10.0', java.version: '24.0.1'
Driver info: org.openqa.selenium.edge.EdgeDriver
Command: [c1b46471b1f99a5c02e5b7f7f0ac98bf, findElement {using=xpath, value=//div[@class="form-control-group"]//input}]
Capabilities {acceptInsecureCerts: false, browserName: MicrosoftEdge, browserVersion: 138.0.3351.65, fedcm:accounts: true, ms:edgeOptions: {debuggerAddress: localhost:55760}, msedge: {msedgedriverVersion: 138.0.3351.77 (efaf6935b436..., userDataDir: C:\Windows\SystemTemp\scope...}, networkConnectionEnabled: false, pageLoadStrategy: normal, platformName: windows, proxy: Proxy(), se:cdp: ws://localhost:55760/devtoo..., se:cdpVersion: 138.0.3351.65, setWindowRect: true, strictFileInteractability: false, timeouts: {implicit: 0, pageLoad: 300000, script: 30000}, unhandledPromptBehavior: dismiss and notify, webauthn:extension:credBlob: true, webauthn:extension:largeBlob: true, webauthn:extension:minPinLength: true, webauthn:extension:prf: true, webauthn:virtualAuthenticators: true}
Session ID: c1b46471b1f99a5c02e5b7f7f0ac98bf
at org.openqa.selenium.remote.ErrorCodec.decode(ErrorCodec.java:167)
at org.openqa.selenium.remote.codec.w3c.W3CHttpResponseCodec.decode(W3CHttpResponseCodec.java:138)
at org.openqa.selenium.remote.codec.w3c.W3CHttpResponseCodec.decode(W3CHttpResponseCodec.java:50)
at org.openqa.selenium.remote.HttpCommandExecutor.execute(HttpCommandExecutor.java:190)
at org.openqa.selenium.remote.service.DriverCommandExecutor.invokeExecute(DriverCommandExecutor.java:216)
at org.openqa.selenium.remote.service.DriverCommandExecutor.execute(DriverCommandExecutor.java:174)
at org.openqa.selenium.remote.RemoteWebDriver.execute(RemoteWebDriver.java:518)
at org.openqa.selenium.remote.ElementLocation$ElementFinder$2.findElement(ElementLocation.java:165)
at org.openqa.selenium.remote.ElementLocation.findElement(ElementLocation.java:59)
at org.openqa.selenium.remote.RemoteWebDriver.findElement(RemoteWebDriver.java:355)
at org.openqa.selenium.remote.RemoteWebDriver.findElement(RemoteWebDriver.java:349)
at org.openqa.selenium.support.pagefactory.DefaultElementLocator.findElement(DefaultElementLocator.java:68)
at org.openqa.selenium.support.pagefactory.internal.LocatingElementHandler.invoke(LocatingElementHandler.java:38)
at jdk.proxy2/jdk.proxy2.$Proxy11.sendKeys(Unknown Source)
at EzionpageObjects.LoginPage.login(LoginPage.java:36)
at TestComponents.PharmacyLogin2.PharmacyLogin2_ShouldLoginSuccessfullyForUser(PharmacyLogin2.java:33)
at java.base/java.util.ArrayList.forEach(ArrayList.java:1604)
... Removed 32 stack frames]]>
    </failure>
  </testcase> <!-- PharmacyLogin2_ShouldLoginSuccessfullyForUser -->
  <testcase classname="TestComponents.PharmacyLogin2" name="PharmacyLogin2_ShouldAssignRolesToUser" time="0.001">
    <skipped/>
  </testcase> <!-- PharmacyLogin2_ShouldAssignRolesToUser -->
  <testcase classname="TestComponents.PharmacyLogin2" name="PharmacyLogin2_ShouldCreateWarehouseForMasterSetup" time="0.0">
    <skipped/>
  </testcase> <!-- PharmacyLogin2_ShouldCreateWarehouseForMasterSetup -->
  <testcase classname="TestComponents.PharmacyLogin2" name="PharmacyLogin2_ShouldCreateStoreForWarehouse" time="0.0">
    <skipped/>
  </testcase> <!-- PharmacyLogin2_ShouldCreateStoreForWarehouse -->
  <testcase classname="TestComponents.PharmacyLogin2" name="PharmacyLogin2_ShouldCreateSupplierForStore" time="0.0">
    <skipped/>
  </testcase> <!-- PharmacyLogin2_ShouldCreateSupplierForStore -->
  <testcase classname="TestComponents.PharmacyLogin2" name="PharmacyLogin2_ShouldCreateStorageShelfForSupplier" time="0.0">
    <skipped/>
  </testcase> <!-- PharmacyLogin2_ShouldCreateStorageShelfForSupplier -->
  <testcase classname="TestComponents.PharmacyLogin2" name="PharmacyLogin2_ShouldAddMedicineToShelf" time="0.0">
    <skipped/>
  </testcase> <!-- PharmacyLogin2_ShouldAddMedicineToShelf -->
  <testcase classname="TestComponents.PharmacyLogin2" name="PharmacyLogin2_ShouldAddCustomerToPharmacy" time="0.0">
    <skipped/>
  </testcase> <!-- PharmacyLogin2_ShouldAddCustomerToPharmacy -->
  <testcase classname="TestComponents.PharmacyLogin2" name="PharmacyLogin2_ShouldAddPharmacyLocationToSystem" time="0.0">
    <skipped/>
  </testcase> <!-- PharmacyLogin2_ShouldAddPharmacyLocationToSystem -->
  <testcase classname="TestComponents.PharmacyLogin2" name="PharmacyLogin2_ShouldAddHospitalLocationToSystem" time="0.0">
    <skipped/>
  </testcase> <!-- PharmacyLogin2_ShouldAddHospitalLocationToSystem -->
</testsuite> <!-- PharmacyLogin Test -->
