<html>
<head>
<title>TestNG:  PharmacyLogin Test</title>
<link href="../testng.css" rel="stylesheet" type="text/css" />
<link href="../my-testng.css" rel="stylesheet" type="text/css" />

<style type="text/css">
.log { display: none;} 
.stack-trace { display: none;} 
</style>
<script type="text/javascript">
<!--
function flip(e) {
  current = e.style.display;
  if (current == 'block') {
    e.style.display = 'none';
    return 0;
  }
  else {
    e.style.display = 'block';
    return 1;
  }
}

function toggleBox(szDivId, elem, msg1, msg2)
{
  var res = -1;  if (document.getElementById) {
    res = flip(document.getElementById(szDivId));
  }
  else if (document.all) {
    // this is the way old msie versions work
    res = flip(document.all[szDivId]);
  }
  if(elem) {
    if(res == 0) elem.innerHTML = msg1; else elem.innerHTML = msg2;
  }

}

function toggleAllBoxes() {
  if (document.getElementsByTagName) {
    d = document.getElementsByTagName('div');
    for (i = 0; i < d.length; i++) {
      if (d[i].className == 'log') {
        flip(d[i]);
      }
    }
  }
}

// -->
</script>

</head>
<body>
<h2 align='center'>PharmacyLogin Test</h2><table border='1' align="center">
<tr>
<td>Tests passed/Failed/Skipped:</td><td>0/1/9</td>
</tr><tr>
<td>Started on:</td><td>Wed Jul 09 05:44:00 UTC 2025</td>
</tr>
<tr><td>Total time:</td><td>3 seconds (3505 ms)</td>
</tr><tr>
<td>Included groups:</td><td></td>
</tr><tr>
<td>Excluded groups:</td><td></td>
</tr>
</table><p/>
<small><i>(Hover the method name to see the test class name)</i></small><p/>
<table width='100%' border='1' class='invocation-failed'>
<tr><td colspan='4' align='center'><b>FAILED TESTS</b></td></tr>
<tr><td><b>Test method</b></td>
<td><b>Attribute(s)</b></td>
<td width="30%"><b>Exception</b></td>
<td width="10%"><b>Time (seconds)</b></td>
<td><b>Instance</b></td>
</tr>
<tr>
<td title='TestComponents.PharmacyLogin2.PharmacyLogin2_ShouldLoginSuccessfullyForUser()'><b>PharmacyLogin2_ShouldLoginSuccessfullyForUser</b><br>Test class: TestComponents.PharmacyLogin2<br>Parameters: {country=India, pharmacyLocationName=Ezovion, pharmacyMobile=9875543210, storename=ezovion, section=Pharmacy, mrpPerStrip=4, password=12345, state=Chamoli, batchNumber=456, pincode=444002, scheduleText=Schedule A1, compositionText=Bisacodyl Ip: 5, expiryMonthYear=2025-07, categoryText=SHOULDER IMBO, qtyInUnits=4, pricePerStrips=4, customerName=abdul ramiz, warehouseShortName=P, phone=9876543210, personId=7766554433, stateCode=1 jop, maxQty=500, pharmacyDLNO=MH/12345/2025, hospitalEmail=abdy@gmail.com, role=Administrator, city=akola, salesWarehouse=primary warehouse, brandText=CALTEN, qtyInStrips=4, warehouseName=T, warehouseCode=P, shelfName=new item, customerPhone=9776543210, purchaseWarehouse=primary warehouse, rackText=0, pharmacyGSTN=27ABCDE1234F1Z5, supplierName=supplier name, hospitalLocationName=akol, quantity=15, manufacturerText=ajhj, mobile=9876543210, userName=Abdul Ramiz, userId=50107299, section2=Inventory, baseMedicineName=SyrupEzovio, sellPriceStrip=4, hospitalMobile=9886543210, location=Pharamacy Loaction, pharmacyEmail=ezovion@gmail.com, minQty=50}</td>
<td><div><pre>org.openqa.selenium.NoSuchWindowException: no such window: target window already closed
from unknown error: web view not found
  (Session info: MicrosoftEdge=138.0.3351.65)
Build info: version: &apos;4.21.0&apos;, revision: &apos;79ed462ef4&apos;
System info: os.name: &apos;Windows 11&apos;, os.arch: &apos;amd64&apos;, os.version: &apos;10.0&apos;, java.version: &apos;24.0.1&apos;
Driver info: org.openqa.selenium.edge.EdgeDriver
Command: [c1b46471b1f99a5c02e5b7f7f0ac98bf, findElement {using=xpath, value=//div[@class=&quot;form-control-group&quot;]//input}]
Capabilities {acceptInsecureCerts: false, browserName: MicrosoftEdge, browserVersion: 138.0.3351.65, fedcm:accounts: true, ms:edgeOptions: {debuggerAddress: localhost:55760}, msedge: {msedgedriverVersion: 138.0.3351.77 (efaf6935b436..., userDataDir: C:\Windows\SystemTemp\scope...}, networkConnectionEnabled: false, pageLoadStrategy: normal, platformName: windows, proxy: Proxy(), se:cdp: ws://localhost:55760/devtoo..., se:cdpVersion: 138.0.3351.65, setWindowRect: true, strictFileInteractability: false, timeouts: {implicit: 0, pageLoad: 300000, script: 30000}, unhandledPromptBehavior: dismiss and notify, webauthn:extension:credBlob: true, webauthn:extension:largeBlob: true, webauthn:extension:minPinLength: true, webauthn:extension:prf: true, webauthn:virtualAuthenticators: true}
Session ID: c1b46471b1f99a5c02e5b7f7f0ac98bf
	at org.openqa.selenium.remote.ErrorCodec.decode(ErrorCodec.java:167)
	at org.openqa.selenium.remote.codec.w3c.W3CHttpResponseCodec.decode(W3CHttpResponseCodec.java:138)
	at org.openqa.selenium.remote.codec.w3c.W3CHttpResponseCodec.decode(W3CHttpResponseCodec.java:50)
	at org.openqa.selenium.remote.HttpCommandExecutor.execute(HttpCommandExecutor.java:190)
	at org.openqa.selenium.remote.service.DriverCommandExecutor.invokeExecute(DriverCommandExecutor.java:216)
	at org.openqa.selenium.remote.service.DriverCommandExecutor.execute(DriverCommandExecutor.java:174)
	at org.openqa.selenium.remote.RemoteWebDriver.execute(RemoteWebDriver.java:518)
	at org.openqa.selenium.remote.ElementLocation$ElementFinder$2.findElement(ElementLocation.java:165)
	at org.openqa.selenium.remote.ElementLocation.findElement(ElementLocation.java:59)
	at org.openqa.selenium.remote.RemoteWebDriver.findElement(RemoteWebDriver.java:355)
	at org.openqa.selenium.remote.RemoteWebDriver.findElement(RemoteWebDriver.java:349)
	at org.openqa.selenium.support.pagefactory.DefaultElementLocator.findElement(DefaultElementLocator.java:68)
	at org.openqa.selenium.support.pagefactory.internal.LocatingElementHandler.invoke(LocatingElementHandler.java:38)
	at jdk.proxy2/jdk.proxy2.$Proxy11.sendKeys(Unknown Source)
	at EzionpageObjects.LoginPage.login(LoginPage.java:36)
	at TestComponents.PharmacyLogin2.PharmacyLogin2_ShouldLoginSuccessfullyForUser(PharmacyLogin2.java:33)
	at java.base/java.util.ArrayList.forEach(ArrayList.java:1604)
... Removed 32 stack frames</pre></div><a href='#' onClick='toggleBox("stack-trace1164699452", this, "Click to show all stack frames", "Click to hide stack frames")'>Click to show all stack frames</a>
<div class='stack-trace' id='stack-trace1164699452'><pre>org.openqa.selenium.NoSuchWindowException: no such window: target window already closed
from unknown error: web view not found
  (Session info: MicrosoftEdge=138.0.3351.65)
Build info: version: &apos;4.21.0&apos;, revision: &apos;79ed462ef4&apos;
System info: os.name: &apos;Windows 11&apos;, os.arch: &apos;amd64&apos;, os.version: &apos;10.0&apos;, java.version: &apos;24.0.1&apos;
Driver info: org.openqa.selenium.edge.EdgeDriver
Command: [c1b46471b1f99a5c02e5b7f7f0ac98bf, findElement {using=xpath, value=//div[@class=&quot;form-control-group&quot;]//input}]
Capabilities {acceptInsecureCerts: false, browserName: MicrosoftEdge, browserVersion: 138.0.3351.65, fedcm:accounts: true, ms:edgeOptions: {debuggerAddress: localhost:55760}, msedge: {msedgedriverVersion: 138.0.3351.77 (efaf6935b436..., userDataDir: C:\Windows\SystemTemp\scope...}, networkConnectionEnabled: false, pageLoadStrategy: normal, platformName: windows, proxy: Proxy(), se:cdp: ws://localhost:55760/devtoo..., se:cdpVersion: 138.0.3351.65, setWindowRect: true, strictFileInteractability: false, timeouts: {implicit: 0, pageLoad: 300000, script: 30000}, unhandledPromptBehavior: dismiss and notify, webauthn:extension:credBlob: true, webauthn:extension:largeBlob: true, webauthn:extension:minPinLength: true, webauthn:extension:prf: true, webauthn:virtualAuthenticators: true}
Session ID: c1b46471b1f99a5c02e5b7f7f0ac98bf
	at java.base/jdk.internal.reflect.DirectConstructorHandleAccessor.newInstance(DirectConstructorHandleAccessor.java:62)
	at java.base/java.lang.reflect.Constructor.newInstanceWithCaller(Constructor.java:499)
	at java.base/java.lang.reflect.Constructor.newInstance(Constructor.java:483)
	at org.openqa.selenium.remote.ErrorCodec.decode(ErrorCodec.java:167)
	at org.openqa.selenium.remote.codec.w3c.W3CHttpResponseCodec.decode(W3CHttpResponseCodec.java:138)
	at org.openqa.selenium.remote.codec.w3c.W3CHttpResponseCodec.decode(W3CHttpResponseCodec.java:50)
	at org.openqa.selenium.remote.HttpCommandExecutor.execute(HttpCommandExecutor.java:190)
	at org.openqa.selenium.remote.service.DriverCommandExecutor.invokeExecute(DriverCommandExecutor.java:216)
	at org.openqa.selenium.remote.service.DriverCommandExecutor.execute(DriverCommandExecutor.java:174)
	at org.openqa.selenium.remote.RemoteWebDriver.execute(RemoteWebDriver.java:518)
	at org.openqa.selenium.remote.ElementLocation$ElementFinder$2.findElement(ElementLocation.java:165)
	at org.openqa.selenium.remote.ElementLocation.findElement(ElementLocation.java:59)
	at org.openqa.selenium.remote.RemoteWebDriver.findElement(RemoteWebDriver.java:355)
	at org.openqa.selenium.remote.RemoteWebDriver.findElement(RemoteWebDriver.java:349)
	at org.openqa.selenium.support.pagefactory.DefaultElementLocator.findElement(DefaultElementLocator.java:68)
	at org.openqa.selenium.support.pagefactory.internal.LocatingElementHandler.invoke(LocatingElementHandler.java:38)
	at jdk.proxy2/jdk.proxy2.$Proxy11.sendKeys(Unknown Source)
	at EzionpageObjects.LoginPage.login(LoginPage.java:36)
	at TestComponents.PharmacyLogin2.PharmacyLogin2_ShouldLoginSuccessfullyForUser(PharmacyLogin2.java:33)
	at java.base/jdk.internal.reflect.DirectMethodHandleAccessor.invoke(DirectMethodHandleAccessor.java:104)
	at java.base/java.lang.reflect.Method.invoke(Method.java:565)
	at org.testng.internal.invokers.MethodInvocationHelper.invokeMethod(MethodInvocationHelper.java:141)
	at org.testng.internal.invokers.TestInvoker.invokeMethod(TestInvoker.java:687)
	at org.testng.internal.invokers.TestInvoker.invokeTestMethod(TestInvoker.java:230)
	at org.testng.internal.invokers.MethodRunner.runInSequence(MethodRunner.java:63)
	at org.testng.internal.invokers.TestInvoker$MethodInvocationAgent.invoke(TestInvoker.java:995)
	at org.testng.internal.invokers.TestInvoker.invokeTestMethods(TestInvoker.java:203)
	at org.testng.internal.invokers.TestMethodWorker.invokeTestMethods(TestMethodWorker.java:154)
	at org.testng.internal.invokers.TestMethodWorker.run(TestMethodWorker.java:134)
	at java.base/java.util.ArrayList.forEach(ArrayList.java:1604)
	at org.testng.TestRunner.privateRun(TestRunner.java:741)
	at org.testng.TestRunner.run(TestRunner.java:616)
	at org.testng.SuiteRunner.runTest(SuiteRunner.java:421)
	at org.testng.SuiteRunner.runSequentially(SuiteRunner.java:413)
	at org.testng.SuiteRunner.privateRun(SuiteRunner.java:373)
	at org.testng.SuiteRunner.run(SuiteRunner.java:312)
	at org.testng.SuiteRunnerWorker.runSuite(SuiteRunnerWorker.java:52)
	at org.testng.SuiteRunnerWorker.run(SuiteRunnerWorker.java:95)
	at org.testng.TestNG.runSuitesSequentially(TestNG.java:1274)
	at org.testng.TestNG.runSuitesLocally(TestNG.java:1208)
	at org.testng.TestNG.runSuites(TestNG.java:1112)
	at org.testng.TestNG.run(TestNG.java:1079)
	at org.apache.maven.surefire.testng.TestNGExecutor.run(TestNGExecutor.java:324)
	at org.apache.maven.surefire.testng.TestNGXmlTestSuite.execute(TestNGXmlTestSuite.java:74)
	at org.apache.maven.surefire.testng.TestNGProvider.invoke(TestNGProvider.java:123)
	at org.apache.maven.surefire.booter.ForkedBooter.runSuitesInProcess(ForkedBooter.java:456)
	at org.apache.maven.surefire.booter.ForkedBooter.execute(ForkedBooter.java:169)
	at org.apache.maven.surefire.booter.ForkedBooter.run(ForkedBooter.java:595)
	at org.apache.maven.surefire.booter.ForkedBooter.main(ForkedBooter.java:581)
</pre></div></td>
<td>0</td>
<td>TestComponents.PharmacyLogin2@795509d9</td></tr>
</table><p>
<table width='100%' border='1' class='invocation-skipped'>
<tr><td colspan='4' align='center'><b>SKIPPED TESTS</b></td></tr>
<tr><td><b>Test method</b></td>
<td><b>Attribute(s)</b></td>
<td width="30%"><b>Exception</b></td>
<td width="10%"><b>Time (seconds)</b></td>
<td><b>Instance</b></td>
</tr>
<tr>
<td title='TestComponents.PharmacyLogin2.PharmacyLogin2_ShouldCreateStoreForWarehouse()'><b>PharmacyLogin2_ShouldCreateStoreForWarehouse</b><br>Test class: TestComponents.PharmacyLogin2</td>
<td><div><pre>java.lang.Throwable: Method TestComponents.PharmacyLogin2.PharmacyLogin2_ShouldCreateStoreForWarehouse() on instance TestComponents.PharmacyLogin2@795509d9 depends on not successfully finished methods 
[TestComponents.PharmacyLogin2.PharmacyLogin2_ShouldCreateWarehouseForMasterSetup() on instance TestComponents.PharmacyLogin2@795509d9]
	at java.base/java.util.ArrayList.forEach(ArrayList.java:1604)
... Removed 22 stack frames</pre></div><a href='#' onClick='toggleBox("stack-trace56510351", this, "Click to show all stack frames", "Click to hide stack frames")'>Click to show all stack frames</a>
<div class='stack-trace' id='stack-trace56510351'><pre>java.lang.Throwable: Method TestComponents.PharmacyLogin2.PharmacyLogin2_ShouldCreateStoreForWarehouse() on instance TestComponents.PharmacyLogin2@795509d9 depends on not successfully finished methods 
[TestComponents.PharmacyLogin2.PharmacyLogin2_ShouldCreateWarehouseForMasterSetup() on instance TestComponents.PharmacyLogin2@795509d9]
	at org.testng.internal.invokers.TestInvoker.invokeTestMethods(TestInvoker.java:159)
	at org.testng.internal.invokers.TestMethodWorker.invokeTestMethods(TestMethodWorker.java:154)
	at org.testng.internal.invokers.TestMethodWorker.run(TestMethodWorker.java:134)
	at java.base/java.util.ArrayList.forEach(ArrayList.java:1604)
	at org.testng.TestRunner.privateRun(TestRunner.java:741)
	at org.testng.TestRunner.run(TestRunner.java:616)
	at org.testng.SuiteRunner.runTest(SuiteRunner.java:421)
	at org.testng.SuiteRunner.runSequentially(SuiteRunner.java:413)
	at org.testng.SuiteRunner.privateRun(SuiteRunner.java:373)
	at org.testng.SuiteRunner.run(SuiteRunner.java:312)
	at org.testng.SuiteRunnerWorker.runSuite(SuiteRunnerWorker.java:52)
	at org.testng.SuiteRunnerWorker.run(SuiteRunnerWorker.java:95)
	at org.testng.TestNG.runSuitesSequentially(TestNG.java:1274)
	at org.testng.TestNG.runSuitesLocally(TestNG.java:1208)
	at org.testng.TestNG.runSuites(TestNG.java:1112)
	at org.testng.TestNG.run(TestNG.java:1079)
	at org.apache.maven.surefire.testng.TestNGExecutor.run(TestNGExecutor.java:324)
	at org.apache.maven.surefire.testng.TestNGXmlTestSuite.execute(TestNGXmlTestSuite.java:74)
	at org.apache.maven.surefire.testng.TestNGProvider.invoke(TestNGProvider.java:123)
	at org.apache.maven.surefire.booter.ForkedBooter.runSuitesInProcess(ForkedBooter.java:456)
	at org.apache.maven.surefire.booter.ForkedBooter.execute(ForkedBooter.java:169)
	at org.apache.maven.surefire.booter.ForkedBooter.run(ForkedBooter.java:595)
	at org.apache.maven.surefire.booter.ForkedBooter.main(ForkedBooter.java:581)
</pre></div></td>
<td>0</td>
<td>TestComponents.PharmacyLogin2@795509d9</td></tr>
<tr>
<td title='TestComponents.PharmacyLogin2.PharmacyLogin2_ShouldAssignRolesToUser()'><b>PharmacyLogin2_ShouldAssignRolesToUser</b><br>Test class: TestComponents.PharmacyLogin2</td>
<td><div><pre>java.lang.Throwable: Method TestComponents.PharmacyLogin2.PharmacyLogin2_ShouldAssignRolesToUser() on instance TestComponents.PharmacyLogin2@795509d9 depends on not successfully finished methods 
[TestComponents.PharmacyLogin2.PharmacyLogin2_ShouldLoginSuccessfullyForUser() on instance TestComponents.PharmacyLogin2@795509d9]
	at java.base/java.util.ArrayList.forEach(ArrayList.java:1604)
... Removed 22 stack frames</pre></div><a href='#' onClick='toggleBox("stack-trace399653041", this, "Click to show all stack frames", "Click to hide stack frames")'>Click to show all stack frames</a>
<div class='stack-trace' id='stack-trace399653041'><pre>java.lang.Throwable: Method TestComponents.PharmacyLogin2.PharmacyLogin2_ShouldAssignRolesToUser() on instance TestComponents.PharmacyLogin2@795509d9 depends on not successfully finished methods 
[TestComponents.PharmacyLogin2.PharmacyLogin2_ShouldLoginSuccessfullyForUser() on instance TestComponents.PharmacyLogin2@795509d9]
	at org.testng.internal.invokers.TestInvoker.invokeTestMethods(TestInvoker.java:159)
	at org.testng.internal.invokers.TestMethodWorker.invokeTestMethods(TestMethodWorker.java:154)
	at org.testng.internal.invokers.TestMethodWorker.run(TestMethodWorker.java:134)
	at java.base/java.util.ArrayList.forEach(ArrayList.java:1604)
	at org.testng.TestRunner.privateRun(TestRunner.java:741)
	at org.testng.TestRunner.run(TestRunner.java:616)
	at org.testng.SuiteRunner.runTest(SuiteRunner.java:421)
	at org.testng.SuiteRunner.runSequentially(SuiteRunner.java:413)
	at org.testng.SuiteRunner.privateRun(SuiteRunner.java:373)
	at org.testng.SuiteRunner.run(SuiteRunner.java:312)
	at org.testng.SuiteRunnerWorker.runSuite(SuiteRunnerWorker.java:52)
	at org.testng.SuiteRunnerWorker.run(SuiteRunnerWorker.java:95)
	at org.testng.TestNG.runSuitesSequentially(TestNG.java:1274)
	at org.testng.TestNG.runSuitesLocally(TestNG.java:1208)
	at org.testng.TestNG.runSuites(TestNG.java:1112)
	at org.testng.TestNG.run(TestNG.java:1079)
	at org.apache.maven.surefire.testng.TestNGExecutor.run(TestNGExecutor.java:324)
	at org.apache.maven.surefire.testng.TestNGXmlTestSuite.execute(TestNGXmlTestSuite.java:74)
	at org.apache.maven.surefire.testng.TestNGProvider.invoke(TestNGProvider.java:123)
	at org.apache.maven.surefire.booter.ForkedBooter.runSuitesInProcess(ForkedBooter.java:456)
	at org.apache.maven.surefire.booter.ForkedBooter.execute(ForkedBooter.java:169)
	at org.apache.maven.surefire.booter.ForkedBooter.run(ForkedBooter.java:595)
	at org.apache.maven.surefire.booter.ForkedBooter.main(ForkedBooter.java:581)
</pre></div></td>
<td>0</td>
<td>TestComponents.PharmacyLogin2@795509d9</td></tr>
<tr>
<td title='TestComponents.PharmacyLogin2.PharmacyLogin2_ShouldAddMedicineToShelf()'><b>PharmacyLogin2_ShouldAddMedicineToShelf</b><br>Test class: TestComponents.PharmacyLogin2</td>
<td><div><pre>java.lang.Throwable: Method TestComponents.PharmacyLogin2.PharmacyLogin2_ShouldAddMedicineToShelf() on instance TestComponents.PharmacyLogin2@795509d9 depends on not successfully finished methods 
[TestComponents.PharmacyLogin2.PharmacyLogin2_ShouldCreateStorageShelfForSupplier() on instance TestComponents.PharmacyLogin2@795509d9]
	at java.base/java.util.ArrayList.forEach(ArrayList.java:1604)
... Removed 22 stack frames</pre></div><a href='#' onClick='toggleBox("stack-trace809822663", this, "Click to show all stack frames", "Click to hide stack frames")'>Click to show all stack frames</a>
<div class='stack-trace' id='stack-trace809822663'><pre>java.lang.Throwable: Method TestComponents.PharmacyLogin2.PharmacyLogin2_ShouldAddMedicineToShelf() on instance TestComponents.PharmacyLogin2@795509d9 depends on not successfully finished methods 
[TestComponents.PharmacyLogin2.PharmacyLogin2_ShouldCreateStorageShelfForSupplier() on instance TestComponents.PharmacyLogin2@795509d9]
	at org.testng.internal.invokers.TestInvoker.invokeTestMethods(TestInvoker.java:159)
	at org.testng.internal.invokers.TestMethodWorker.invokeTestMethods(TestMethodWorker.java:154)
	at org.testng.internal.invokers.TestMethodWorker.run(TestMethodWorker.java:134)
	at java.base/java.util.ArrayList.forEach(ArrayList.java:1604)
	at org.testng.TestRunner.privateRun(TestRunner.java:741)
	at org.testng.TestRunner.run(TestRunner.java:616)
	at org.testng.SuiteRunner.runTest(SuiteRunner.java:421)
	at org.testng.SuiteRunner.runSequentially(SuiteRunner.java:413)
	at org.testng.SuiteRunner.privateRun(SuiteRunner.java:373)
	at org.testng.SuiteRunner.run(SuiteRunner.java:312)
	at org.testng.SuiteRunnerWorker.runSuite(SuiteRunnerWorker.java:52)
	at org.testng.SuiteRunnerWorker.run(SuiteRunnerWorker.java:95)
	at org.testng.TestNG.runSuitesSequentially(TestNG.java:1274)
	at org.testng.TestNG.runSuitesLocally(TestNG.java:1208)
	at org.testng.TestNG.runSuites(TestNG.java:1112)
	at org.testng.TestNG.run(TestNG.java:1079)
	at org.apache.maven.surefire.testng.TestNGExecutor.run(TestNGExecutor.java:324)
	at org.apache.maven.surefire.testng.TestNGXmlTestSuite.execute(TestNGXmlTestSuite.java:74)
	at org.apache.maven.surefire.testng.TestNGProvider.invoke(TestNGProvider.java:123)
	at org.apache.maven.surefire.booter.ForkedBooter.runSuitesInProcess(ForkedBooter.java:456)
	at org.apache.maven.surefire.booter.ForkedBooter.execute(ForkedBooter.java:169)
	at org.apache.maven.surefire.booter.ForkedBooter.run(ForkedBooter.java:595)
	at org.apache.maven.surefire.booter.ForkedBooter.main(ForkedBooter.java:581)
</pre></div></td>
<td>0</td>
<td>TestComponents.PharmacyLogin2@795509d9</td></tr>
<tr>
<td title='TestComponents.PharmacyLogin2.PharmacyLogin2_ShouldCreateStorageShelfForSupplier()'><b>PharmacyLogin2_ShouldCreateStorageShelfForSupplier</b><br>Test class: TestComponents.PharmacyLogin2</td>
<td><div><pre>java.lang.Throwable: Method TestComponents.PharmacyLogin2.PharmacyLogin2_ShouldCreateStorageShelfForSupplier() on instance TestComponents.PharmacyLogin2@795509d9 depends on not successfully finished methods 
[TestComponents.PharmacyLogin2.PharmacyLogin2_ShouldCreateSupplierForStore() on instance TestComponents.PharmacyLogin2@795509d9]
	at java.base/java.util.ArrayList.forEach(ArrayList.java:1604)
... Removed 22 stack frames</pre></div><a href='#' onClick='toggleBox("stack-trace1803361784", this, "Click to show all stack frames", "Click to hide stack frames")'>Click to show all stack frames</a>
<div class='stack-trace' id='stack-trace1803361784'><pre>java.lang.Throwable: Method TestComponents.PharmacyLogin2.PharmacyLogin2_ShouldCreateStorageShelfForSupplier() on instance TestComponents.PharmacyLogin2@795509d9 depends on not successfully finished methods 
[TestComponents.PharmacyLogin2.PharmacyLogin2_ShouldCreateSupplierForStore() on instance TestComponents.PharmacyLogin2@795509d9]
	at org.testng.internal.invokers.TestInvoker.invokeTestMethods(TestInvoker.java:159)
	at org.testng.internal.invokers.TestMethodWorker.invokeTestMethods(TestMethodWorker.java:154)
	at org.testng.internal.invokers.TestMethodWorker.run(TestMethodWorker.java:134)
	at java.base/java.util.ArrayList.forEach(ArrayList.java:1604)
	at org.testng.TestRunner.privateRun(TestRunner.java:741)
	at org.testng.TestRunner.run(TestRunner.java:616)
	at org.testng.SuiteRunner.runTest(SuiteRunner.java:421)
	at org.testng.SuiteRunner.runSequentially(SuiteRunner.java:413)
	at org.testng.SuiteRunner.privateRun(SuiteRunner.java:373)
	at org.testng.SuiteRunner.run(SuiteRunner.java:312)
	at org.testng.SuiteRunnerWorker.runSuite(SuiteRunnerWorker.java:52)
	at org.testng.SuiteRunnerWorker.run(SuiteRunnerWorker.java:95)
	at org.testng.TestNG.runSuitesSequentially(TestNG.java:1274)
	at org.testng.TestNG.runSuitesLocally(TestNG.java:1208)
	at org.testng.TestNG.runSuites(TestNG.java:1112)
	at org.testng.TestNG.run(TestNG.java:1079)
	at org.apache.maven.surefire.testng.TestNGExecutor.run(TestNGExecutor.java:324)
	at org.apache.maven.surefire.testng.TestNGXmlTestSuite.execute(TestNGXmlTestSuite.java:74)
	at org.apache.maven.surefire.testng.TestNGProvider.invoke(TestNGProvider.java:123)
	at org.apache.maven.surefire.booter.ForkedBooter.runSuitesInProcess(ForkedBooter.java:456)
	at org.apache.maven.surefire.booter.ForkedBooter.execute(ForkedBooter.java:169)
	at org.apache.maven.surefire.booter.ForkedBooter.run(ForkedBooter.java:595)
	at org.apache.maven.surefire.booter.ForkedBooter.main(ForkedBooter.java:581)
</pre></div></td>
<td>0</td>
<td>TestComponents.PharmacyLogin2@795509d9</td></tr>
<tr>
<td title='TestComponents.PharmacyLogin2.PharmacyLogin2_ShouldCreateWarehouseForMasterSetup()'><b>PharmacyLogin2_ShouldCreateWarehouseForMasterSetup</b><br>Test class: TestComponents.PharmacyLogin2</td>
<td><div><pre>java.lang.Throwable: Method TestComponents.PharmacyLogin2.PharmacyLogin2_ShouldCreateWarehouseForMasterSetup() on instance TestComponents.PharmacyLogin2@795509d9 depends on not successfully finished methods 
[TestComponents.PharmacyLogin2.PharmacyLogin2_ShouldAssignRolesToUser() on instance TestComponents.PharmacyLogin2@795509d9]
	at java.base/java.util.ArrayList.forEach(ArrayList.java:1604)
... Removed 22 stack frames</pre></div><a href='#' onClick='toggleBox("stack-trace1031586763", this, "Click to show all stack frames", "Click to hide stack frames")'>Click to show all stack frames</a>
<div class='stack-trace' id='stack-trace1031586763'><pre>java.lang.Throwable: Method TestComponents.PharmacyLogin2.PharmacyLogin2_ShouldCreateWarehouseForMasterSetup() on instance TestComponents.PharmacyLogin2@795509d9 depends on not successfully finished methods 
[TestComponents.PharmacyLogin2.PharmacyLogin2_ShouldAssignRolesToUser() on instance TestComponents.PharmacyLogin2@795509d9]
	at org.testng.internal.invokers.TestInvoker.invokeTestMethods(TestInvoker.java:159)
	at org.testng.internal.invokers.TestMethodWorker.invokeTestMethods(TestMethodWorker.java:154)
	at org.testng.internal.invokers.TestMethodWorker.run(TestMethodWorker.java:134)
	at java.base/java.util.ArrayList.forEach(ArrayList.java:1604)
	at org.testng.TestRunner.privateRun(TestRunner.java:741)
	at org.testng.TestRunner.run(TestRunner.java:616)
	at org.testng.SuiteRunner.runTest(SuiteRunner.java:421)
	at org.testng.SuiteRunner.runSequentially(SuiteRunner.java:413)
	at org.testng.SuiteRunner.privateRun(SuiteRunner.java:373)
	at org.testng.SuiteRunner.run(SuiteRunner.java:312)
	at org.testng.SuiteRunnerWorker.runSuite(SuiteRunnerWorker.java:52)
	at org.testng.SuiteRunnerWorker.run(SuiteRunnerWorker.java:95)
	at org.testng.TestNG.runSuitesSequentially(TestNG.java:1274)
	at org.testng.TestNG.runSuitesLocally(TestNG.java:1208)
	at org.testng.TestNG.runSuites(TestNG.java:1112)
	at org.testng.TestNG.run(TestNG.java:1079)
	at org.apache.maven.surefire.testng.TestNGExecutor.run(TestNGExecutor.java:324)
	at org.apache.maven.surefire.testng.TestNGXmlTestSuite.execute(TestNGXmlTestSuite.java:74)
	at org.apache.maven.surefire.testng.TestNGProvider.invoke(TestNGProvider.java:123)
	at org.apache.maven.surefire.booter.ForkedBooter.runSuitesInProcess(ForkedBooter.java:456)
	at org.apache.maven.surefire.booter.ForkedBooter.execute(ForkedBooter.java:169)
	at org.apache.maven.surefire.booter.ForkedBooter.run(ForkedBooter.java:595)
	at org.apache.maven.surefire.booter.ForkedBooter.main(ForkedBooter.java:581)
</pre></div></td>
<td>0</td>
<td>TestComponents.PharmacyLogin2@795509d9</td></tr>
<tr>
<td title='TestComponents.PharmacyLogin2.PharmacyLogin2_ShouldCreateSupplierForStore()'><b>PharmacyLogin2_ShouldCreateSupplierForStore</b><br>Test class: TestComponents.PharmacyLogin2</td>
<td><div><pre>java.lang.Throwable: Method TestComponents.PharmacyLogin2.PharmacyLogin2_ShouldCreateSupplierForStore() on instance TestComponents.PharmacyLogin2@795509d9 depends on not successfully finished methods 
[TestComponents.PharmacyLogin2.PharmacyLogin2_ShouldCreateStoreForWarehouse() on instance TestComponents.PharmacyLogin2@795509d9]
	at java.base/java.util.ArrayList.forEach(ArrayList.java:1604)
... Removed 22 stack frames</pre></div><a href='#' onClick='toggleBox("stack-trace1835841364", this, "Click to show all stack frames", "Click to hide stack frames")'>Click to show all stack frames</a>
<div class='stack-trace' id='stack-trace1835841364'><pre>java.lang.Throwable: Method TestComponents.PharmacyLogin2.PharmacyLogin2_ShouldCreateSupplierForStore() on instance TestComponents.PharmacyLogin2@795509d9 depends on not successfully finished methods 
[TestComponents.PharmacyLogin2.PharmacyLogin2_ShouldCreateStoreForWarehouse() on instance TestComponents.PharmacyLogin2@795509d9]
	at org.testng.internal.invokers.TestInvoker.invokeTestMethods(TestInvoker.java:159)
	at org.testng.internal.invokers.TestMethodWorker.invokeTestMethods(TestMethodWorker.java:154)
	at org.testng.internal.invokers.TestMethodWorker.run(TestMethodWorker.java:134)
	at java.base/java.util.ArrayList.forEach(ArrayList.java:1604)
	at org.testng.TestRunner.privateRun(TestRunner.java:741)
	at org.testng.TestRunner.run(TestRunner.java:616)
	at org.testng.SuiteRunner.runTest(SuiteRunner.java:421)
	at org.testng.SuiteRunner.runSequentially(SuiteRunner.java:413)
	at org.testng.SuiteRunner.privateRun(SuiteRunner.java:373)
	at org.testng.SuiteRunner.run(SuiteRunner.java:312)
	at org.testng.SuiteRunnerWorker.runSuite(SuiteRunnerWorker.java:52)
	at org.testng.SuiteRunnerWorker.run(SuiteRunnerWorker.java:95)
	at org.testng.TestNG.runSuitesSequentially(TestNG.java:1274)
	at org.testng.TestNG.runSuitesLocally(TestNG.java:1208)
	at org.testng.TestNG.runSuites(TestNG.java:1112)
	at org.testng.TestNG.run(TestNG.java:1079)
	at org.apache.maven.surefire.testng.TestNGExecutor.run(TestNGExecutor.java:324)
	at org.apache.maven.surefire.testng.TestNGXmlTestSuite.execute(TestNGXmlTestSuite.java:74)
	at org.apache.maven.surefire.testng.TestNGProvider.invoke(TestNGProvider.java:123)
	at org.apache.maven.surefire.booter.ForkedBooter.runSuitesInProcess(ForkedBooter.java:456)
	at org.apache.maven.surefire.booter.ForkedBooter.execute(ForkedBooter.java:169)
	at org.apache.maven.surefire.booter.ForkedBooter.run(ForkedBooter.java:595)
	at org.apache.maven.surefire.booter.ForkedBooter.main(ForkedBooter.java:581)
</pre></div></td>
<td>0</td>
<td>TestComponents.PharmacyLogin2@795509d9</td></tr>
<tr>
<td title='TestComponents.PharmacyLogin2.PharmacyLogin2_ShouldAddCustomerToPharmacy()'><b>PharmacyLogin2_ShouldAddCustomerToPharmacy</b><br>Test class: TestComponents.PharmacyLogin2</td>
<td><div><pre>java.lang.Throwable: Method TestComponents.PharmacyLogin2.PharmacyLogin2_ShouldAddCustomerToPharmacy() on instance TestComponents.PharmacyLogin2@795509d9 depends on not successfully finished methods 
[TestComponents.PharmacyLogin2.PharmacyLogin2_ShouldAddMedicineToShelf() on instance TestComponents.PharmacyLogin2@795509d9]
	at java.base/java.util.ArrayList.forEach(ArrayList.java:1604)
... Removed 22 stack frames</pre></div><a href='#' onClick='toggleBox("stack-trace1104654975", this, "Click to show all stack frames", "Click to hide stack frames")'>Click to show all stack frames</a>
<div class='stack-trace' id='stack-trace1104654975'><pre>java.lang.Throwable: Method TestComponents.PharmacyLogin2.PharmacyLogin2_ShouldAddCustomerToPharmacy() on instance TestComponents.PharmacyLogin2@795509d9 depends on not successfully finished methods 
[TestComponents.PharmacyLogin2.PharmacyLogin2_ShouldAddMedicineToShelf() on instance TestComponents.PharmacyLogin2@795509d9]
	at org.testng.internal.invokers.TestInvoker.invokeTestMethods(TestInvoker.java:159)
	at org.testng.internal.invokers.TestMethodWorker.invokeTestMethods(TestMethodWorker.java:154)
	at org.testng.internal.invokers.TestMethodWorker.run(TestMethodWorker.java:134)
	at java.base/java.util.ArrayList.forEach(ArrayList.java:1604)
	at org.testng.TestRunner.privateRun(TestRunner.java:741)
	at org.testng.TestRunner.run(TestRunner.java:616)
	at org.testng.SuiteRunner.runTest(SuiteRunner.java:421)
	at org.testng.SuiteRunner.runSequentially(SuiteRunner.java:413)
	at org.testng.SuiteRunner.privateRun(SuiteRunner.java:373)
	at org.testng.SuiteRunner.run(SuiteRunner.java:312)
	at org.testng.SuiteRunnerWorker.runSuite(SuiteRunnerWorker.java:52)
	at org.testng.SuiteRunnerWorker.run(SuiteRunnerWorker.java:95)
	at org.testng.TestNG.runSuitesSequentially(TestNG.java:1274)
	at org.testng.TestNG.runSuitesLocally(TestNG.java:1208)
	at org.testng.TestNG.runSuites(TestNG.java:1112)
	at org.testng.TestNG.run(TestNG.java:1079)
	at org.apache.maven.surefire.testng.TestNGExecutor.run(TestNGExecutor.java:324)
	at org.apache.maven.surefire.testng.TestNGXmlTestSuite.execute(TestNGXmlTestSuite.java:74)
	at org.apache.maven.surefire.testng.TestNGProvider.invoke(TestNGProvider.java:123)
	at org.apache.maven.surefire.booter.ForkedBooter.runSuitesInProcess(ForkedBooter.java:456)
	at org.apache.maven.surefire.booter.ForkedBooter.execute(ForkedBooter.java:169)
	at org.apache.maven.surefire.booter.ForkedBooter.run(ForkedBooter.java:595)
	at org.apache.maven.surefire.booter.ForkedBooter.main(ForkedBooter.java:581)
</pre></div></td>
<td>0</td>
<td>TestComponents.PharmacyLogin2@795509d9</td></tr>
<tr>
<td title='TestComponents.PharmacyLogin2.PharmacyLogin2_ShouldAddHospitalLocationToSystem()'><b>PharmacyLogin2_ShouldAddHospitalLocationToSystem</b><br>Test class: TestComponents.PharmacyLogin2</td>
<td><div><pre>java.lang.Throwable: Method TestComponents.PharmacyLogin2.PharmacyLogin2_ShouldAddHospitalLocationToSystem() on instance TestComponents.PharmacyLogin2@795509d9 depends on not successfully finished methods 
[TestComponents.PharmacyLogin2.PharmacyLogin2_ShouldAddPharmacyLocationToSystem() on instance TestComponents.PharmacyLogin2@795509d9]
	at java.base/java.util.ArrayList.forEach(ArrayList.java:1604)
... Removed 22 stack frames</pre></div><a href='#' onClick='toggleBox("stack-trace1243102466", this, "Click to show all stack frames", "Click to hide stack frames")'>Click to show all stack frames</a>
<div class='stack-trace' id='stack-trace1243102466'><pre>java.lang.Throwable: Method TestComponents.PharmacyLogin2.PharmacyLogin2_ShouldAddHospitalLocationToSystem() on instance TestComponents.PharmacyLogin2@795509d9 depends on not successfully finished methods 
[TestComponents.PharmacyLogin2.PharmacyLogin2_ShouldAddPharmacyLocationToSystem() on instance TestComponents.PharmacyLogin2@795509d9]
	at org.testng.internal.invokers.TestInvoker.invokeTestMethods(TestInvoker.java:159)
	at org.testng.internal.invokers.TestMethodWorker.invokeTestMethods(TestMethodWorker.java:154)
	at org.testng.internal.invokers.TestMethodWorker.run(TestMethodWorker.java:134)
	at java.base/java.util.ArrayList.forEach(ArrayList.java:1604)
	at org.testng.TestRunner.privateRun(TestRunner.java:741)
	at org.testng.TestRunner.run(TestRunner.java:616)
	at org.testng.SuiteRunner.runTest(SuiteRunner.java:421)
	at org.testng.SuiteRunner.runSequentially(SuiteRunner.java:413)
	at org.testng.SuiteRunner.privateRun(SuiteRunner.java:373)
	at org.testng.SuiteRunner.run(SuiteRunner.java:312)
	at org.testng.SuiteRunnerWorker.runSuite(SuiteRunnerWorker.java:52)
	at org.testng.SuiteRunnerWorker.run(SuiteRunnerWorker.java:95)
	at org.testng.TestNG.runSuitesSequentially(TestNG.java:1274)
	at org.testng.TestNG.runSuitesLocally(TestNG.java:1208)
	at org.testng.TestNG.runSuites(TestNG.java:1112)
	at org.testng.TestNG.run(TestNG.java:1079)
	at org.apache.maven.surefire.testng.TestNGExecutor.run(TestNGExecutor.java:324)
	at org.apache.maven.surefire.testng.TestNGXmlTestSuite.execute(TestNGXmlTestSuite.java:74)
	at org.apache.maven.surefire.testng.TestNGProvider.invoke(TestNGProvider.java:123)
	at org.apache.maven.surefire.booter.ForkedBooter.runSuitesInProcess(ForkedBooter.java:456)
	at org.apache.maven.surefire.booter.ForkedBooter.execute(ForkedBooter.java:169)
	at org.apache.maven.surefire.booter.ForkedBooter.run(ForkedBooter.java:595)
	at org.apache.maven.surefire.booter.ForkedBooter.main(ForkedBooter.java:581)
</pre></div></td>
<td>0</td>
<td>TestComponents.PharmacyLogin2@795509d9</td></tr>
<tr>
<td title='TestComponents.PharmacyLogin2.PharmacyLogin2_ShouldAddPharmacyLocationToSystem()'><b>PharmacyLogin2_ShouldAddPharmacyLocationToSystem</b><br>Test class: TestComponents.PharmacyLogin2</td>
<td><div><pre>java.lang.Throwable: Method TestComponents.PharmacyLogin2.PharmacyLogin2_ShouldAddPharmacyLocationToSystem() on instance TestComponents.PharmacyLogin2@795509d9 depends on not successfully finished methods 
[TestComponents.PharmacyLogin2.PharmacyLogin2_ShouldAddCustomerToPharmacy() on instance TestComponents.PharmacyLogin2@795509d9]
	at java.base/java.util.ArrayList.forEach(ArrayList.java:1604)
... Removed 22 stack frames</pre></div><a href='#' onClick='toggleBox("stack-trace1225353990", this, "Click to show all stack frames", "Click to hide stack frames")'>Click to show all stack frames</a>
<div class='stack-trace' id='stack-trace1225353990'><pre>java.lang.Throwable: Method TestComponents.PharmacyLogin2.PharmacyLogin2_ShouldAddPharmacyLocationToSystem() on instance TestComponents.PharmacyLogin2@795509d9 depends on not successfully finished methods 
[TestComponents.PharmacyLogin2.PharmacyLogin2_ShouldAddCustomerToPharmacy() on instance TestComponents.PharmacyLogin2@795509d9]
	at org.testng.internal.invokers.TestInvoker.invokeTestMethods(TestInvoker.java:159)
	at org.testng.internal.invokers.TestMethodWorker.invokeTestMethods(TestMethodWorker.java:154)
	at org.testng.internal.invokers.TestMethodWorker.run(TestMethodWorker.java:134)
	at java.base/java.util.ArrayList.forEach(ArrayList.java:1604)
	at org.testng.TestRunner.privateRun(TestRunner.java:741)
	at org.testng.TestRunner.run(TestRunner.java:616)
	at org.testng.SuiteRunner.runTest(SuiteRunner.java:421)
	at org.testng.SuiteRunner.runSequentially(SuiteRunner.java:413)
	at org.testng.SuiteRunner.privateRun(SuiteRunner.java:373)
	at org.testng.SuiteRunner.run(SuiteRunner.java:312)
	at org.testng.SuiteRunnerWorker.runSuite(SuiteRunnerWorker.java:52)
	at org.testng.SuiteRunnerWorker.run(SuiteRunnerWorker.java:95)
	at org.testng.TestNG.runSuitesSequentially(TestNG.java:1274)
	at org.testng.TestNG.runSuitesLocally(TestNG.java:1208)
	at org.testng.TestNG.runSuites(TestNG.java:1112)
	at org.testng.TestNG.run(TestNG.java:1079)
	at org.apache.maven.surefire.testng.TestNGExecutor.run(TestNGExecutor.java:324)
	at org.apache.maven.surefire.testng.TestNGXmlTestSuite.execute(TestNGXmlTestSuite.java:74)
	at org.apache.maven.surefire.testng.TestNGProvider.invoke(TestNGProvider.java:123)
	at org.apache.maven.surefire.booter.ForkedBooter.runSuitesInProcess(ForkedBooter.java:456)
	at org.apache.maven.surefire.booter.ForkedBooter.execute(ForkedBooter.java:169)
	at org.apache.maven.surefire.booter.ForkedBooter.run(ForkedBooter.java:595)
	at org.apache.maven.surefire.booter.ForkedBooter.main(ForkedBooter.java:581)
</pre></div></td>
<td>0</td>
<td>TestComponents.PharmacyLogin2@795509d9</td></tr>
</table><p>
</body>
</html>