<?xml version="1.0" encoding="UTF-8"?>
<!-- Generated by org.testng.reporters.JUnitXMLReporter -->
<testsuite ignored="0" hostname="BGVM1" failures="1" tests="6" name="PharmacyPurchaseOrder Test" time="46.842" errors="0" timestamp="2025-07-14T05:04:11 UTC">
  <testcase classname="TestComponents.PharmacyPurchaseOrder2" name="PharmacyPurchaseOrder2_Login" time="0.518"/>
  <testcase classname="TestComponents.PharmacyPurchaseOrder2" name="PharmacyPurchaseOrder2_CreateAndSavePO" time="7.615"/>
  <testcase classname="TestComponents.PharmacyPurchaseOrder2" name="PharmacyPurchaseOrder2_ApproveFirstTabPO" time="32.822">
    <failure type="org.openqa.selenium.TimeoutException" message="Expected condition failed: waiting for presence of any elements located by By.xpath: //table[@class=&amp;apos;table table-hover table-style&amp;apos;]/tbody/tr (tried for 30 second(s) with 500 milliseconds interval)
Build info: version: &amp;apos;4.21.0&amp;apos;, revision: &amp;apos;79ed462ef4&amp;apos;
System info: os.name: &amp;apos;Windows 11&amp;apos;, os.arch: &amp;apos;amd64&amp;apos;, os.version: &amp;apos;10.0&amp;apos;, java.version: &amp;apos;24.0.1&amp;apos;
Driver info: org.openqa.selenium.edge.EdgeDriver
Capabilities {acceptInsecureCerts: false, browserName: MicrosoftEdge, browserVersion: 138.0.3351.83, fedcm:accounts: true, ms:edgeOptions: {debuggerAddress: localhost:56376}, msedge: {msedgedriverVersion: 138.0.3351.83 (16e2a7bef320..., userDataDir: C:\Windows\SystemTemp\scope...}, networkConnectionEnabled: false, pageLoadStrategy: normal, platformName: windows, proxy: Proxy(), se:cdp: ws://localhost:56376/devtoo..., se:cdpVersion: 138.0.3351.83, setWindowRect: true, strictFileInteractability: false, timeouts: {implicit: 0, pageLoad: 300000, script: 30000}, unhandledPromptBehavior: dismiss and notify, webauthn:extension:credBlob: true, webauthn:extension:largeBlob: true, webauthn:extension:minPinLength: true, webauthn:extension:prf: true, webauthn:virtualAuthenticators: true}
Session ID: 09c1f83df1982d6bf063ca8bb3ec12ac">
      <![CDATA[org.openqa.selenium.TimeoutException: Expected condition failed: waiting for presence of any elements located by By.xpath: //table[@class='table table-hover table-style']/tbody/tr (tried for 30 second(s) with 500 milliseconds interval)
Build info: version: '4.21.0', revision: '79ed462ef4'
System info: os.name: 'Windows 11', os.arch: 'amd64', os.version: '10.0', java.version: '24.0.1'
Driver info: org.openqa.selenium.edge.EdgeDriver
Capabilities {acceptInsecureCerts: false, browserName: MicrosoftEdge, browserVersion: 138.0.3351.83, fedcm:accounts: true, ms:edgeOptions: {debuggerAddress: localhost:56376}, msedge: {msedgedriverVersion: 138.0.3351.83 (16e2a7bef320..., userDataDir: C:\Windows\SystemTemp\scope...}, networkConnectionEnabled: false, pageLoadStrategy: normal, platformName: windows, proxy: Proxy(), se:cdp: ws://localhost:56376/devtoo..., se:cdpVersion: 138.0.3351.83, setWindowRect: true, strictFileInteractability: false, timeouts: {implicit: 0, pageLoad: 300000, script: 30000}, unhandledPromptBehavior: dismiss and notify, webauthn:extension:credBlob: true, webauthn:extension:largeBlob: true, webauthn:extension:minPinLength: true, webauthn:extension:prf: true, webauthn:virtualAuthenticators: true}
Session ID: 09c1f83df1982d6bf063ca8bb3ec12ac
at org.openqa.selenium.support.ui.WebDriverWait.timeoutException(WebDriverWait.java:84)
at org.openqa.selenium.support.ui.FluentWait.until(FluentWait.java:228)
at EzionAbstractionComponents.Abstraction.waitForPresenceOfAll(Abstraction.java:322)
at PharmacyPurchaseOrder.PharmacyPurchaseOrderTable.clickEditOnPurchaseOrder(PharmacyPurchaseOrderTable.java:51)
at TestComponents.PharmacyPurchaseOrder2.PharmacyPurchaseOrder2_ApproveFirstTabPO(PharmacyPurchaseOrder2.java:58)
at java.base/java.util.ArrayList.forEach(ArrayList.java:1604)
... Removed 29 stack frames]]>
    </failure>
  </testcase> <!-- PharmacyPurchaseOrder2_ApproveFirstTabPO -->
  <testcase classname="TestComponents.PharmacyPurchaseOrder2" name="PharmacyPurchaseOrder2_EditSecondTabPO" time="0.0">
    <skipped/>
  </testcase> <!-- PharmacyPurchaseOrder2_EditSecondTabPO -->
  <testcase classname="TestComponents.PharmacyPurchaseOrder2" name="PharmacyPurchaseOrder2_VerifyPOInTrackingPage" time="0.0">
    <skipped/>
  </testcase> <!-- PharmacyPurchaseOrder2_VerifyPOInTrackingPage -->
  <testcase classname="TestComponents.PharmacyPurchaseOrder2" name="PharmacyPurchaseOrder2_FillPurchaseForm" time="0.0">
    <skipped/>
  </testcase> <!-- PharmacyPurchaseOrder2_FillPurchaseForm -->
</testsuite> <!-- PharmacyPurchaseOrder Test -->
