<?xml version="1.0" encoding="UTF-8"?>
<!-- Generated by org.testng.reporters.JUnitXMLReporter -->
<testsuite ignored="0" hostname="BGVM1" failures="0" tests="5" name="PharmacyLoginTest" time="0.617" errors="0" timestamp="2025-06-27T07:14:19 UTC">
  <testcase classname="abdulTest.BaseTest" name="@BeforeClass loginPage" time="0.277">
    <failure type="java.lang.NoSuchMethodError" message="&amp;apos;org.openqa.selenium.internal.Require$FileStateChecker org.openqa.selenium.internal.Require.state(java.lang.String, java.io.File)&amp;apos;">
      <![CDATA[java.lang.NoSuchMethodError: 'org.openqa.selenium.internal.Require$FileStateChecker org.openqa.selenium.internal.Require.state(java.lang.String, java.io.File)'
at org.openqa.selenium.remote.service.DriverFinder.getBinaryPaths(DriverFinder.java:103)
at org.openqa.selenium.remote.service.DriverFinder.getDriverPath(DriverFinder.java:55)
at org.openqa.selenium.edge.EdgeDriver.generateExecutor(EdgeDriver.java:71)
at org.openqa.selenium.edge.EdgeDriver.<init>(EdgeDriver.java:60)
at org.openqa.selenium.edge.EdgeDriver.<init>(EdgeDriver.java:56)
at org.openqa.selenium.edge.EdgeDriver.<init>(EdgeDriver.java:48)
at org.openqa.selenium.edge.EdgeDriver.<init>(EdgeDriver.java:44)
at abdulTest.BaseTest.initializeWeb(BaseTest.java:61)
at abdulTest.BaseTest.loginPage(BaseTest.java:101)
at java.base/java.util.ArrayList.forEach(ArrayList.java:1596)
at java.base/java.util.concurrent.FutureTask.run(FutureTask.java:317)
at java.base/java.util.concurrent.ThreadPoolExecutor.runWorker(ThreadPoolExecutor.java:1144)
at java.base/java.util.concurrent.ThreadPoolExecutor$Worker.run(ThreadPoolExecutor.java:642)
at java.base/java.lang.Thread.run(Thread.java:1583)
... Removed 13 stack frames]]>
    </failure>
  </testcase> <!-- @BeforeClass loginPage -->
  <testcase classname="abdulTest.BaseTest" name="@BeforeClass loginPage" time="0.276">
    <failure type="java.lang.NoSuchMethodError" message="&amp;apos;org.openqa.selenium.internal.Require$FileStateChecker org.openqa.selenium.internal.Require.state(java.lang.String, java.io.File)&amp;apos;">
      <![CDATA[java.lang.NoSuchMethodError: 'org.openqa.selenium.internal.Require$FileStateChecker org.openqa.selenium.internal.Require.state(java.lang.String, java.io.File)'
at org.openqa.selenium.remote.service.DriverFinder.getBinaryPaths(DriverFinder.java:103)
at org.openqa.selenium.remote.service.DriverFinder.getDriverPath(DriverFinder.java:55)
at org.openqa.selenium.edge.EdgeDriver.generateExecutor(EdgeDriver.java:71)
at org.openqa.selenium.edge.EdgeDriver.<init>(EdgeDriver.java:60)
at org.openqa.selenium.edge.EdgeDriver.<init>(EdgeDriver.java:56)
at org.openqa.selenium.edge.EdgeDriver.<init>(EdgeDriver.java:48)
at org.openqa.selenium.edge.EdgeDriver.<init>(EdgeDriver.java:44)
at abdulTest.BaseTest.initializeWeb(BaseTest.java:61)
at abdulTest.BaseTest.loginPage(BaseTest.java:101)
at java.base/java.util.ArrayList.forEach(ArrayList.java:1596)
at java.base/java.util.concurrent.FutureTask.run(FutureTask.java:317)
at java.base/java.util.concurrent.ThreadPoolExecutor.runWorker(ThreadPoolExecutor.java:1144)
at java.base/java.util.concurrent.ThreadPoolExecutor$Worker.run(ThreadPoolExecutor.java:642)
at java.base/java.lang.Thread.run(Thread.java:1583)
... Removed 13 stack frames]]>
    </failure>
  </testcase> <!-- @BeforeClass loginPage -->
  <testcase classname="TestComponents.PharmacyLogin2" name="loginAndAssignRoles" time="0.0">
    <skipped/>
  </testcase> <!-- loginAndAssignRoles -->
  <testcase classname="TestComponents.PharmacyLogin2" name="createWarehouseAndStore" time="0.0">
    <skipped/>
  </testcase> <!-- createWarehouseAndStore -->
  <testcase classname="TestComponents.PharmacyLogin2" name="createSupplierAndShelf" time="0.0">
    <skipped/>
  </testcase> <!-- createSupplierAndShelf -->
  <testcase classname="TestComponents.PharmacyLogin2" name="addMedicine" time="0.001">
    <skipped/>
  </testcase> <!-- addMedicine -->
  <testcase classname="TestComponents.PharmacyLogin2" name="addCustomerAndLocation" time="0.001">
    <skipped/>
  </testcase> <!-- addCustomerAndLocation -->
</testsuite> <!-- PharmacyLoginTest -->
