<?xml version="1.0" encoding="UTF-8"?>
<!-- Generated by org.testng.reporters.JUnitXMLReporter -->
<testsuite ignored="29" hostname="BGVM1" failures="1" tests="1" name="Run Login18(failed)(failed)" time="70.095" errors="0" timestamp="2025-07-10T11:50:44 UTC">
  <testcase classname="TestComponents.NegativeTestCases" name="Login18" time="41.426">
    <failure type="java.lang.RuntimeException" message="Failed to open Master Set-up">
      <![CDATA[java.lang.RuntimeException: Failed to open Master Set-up
at EzionAbstractionComponents.Abstraction.openMasterSetup(Abstraction.java:269)
at TestComponents.NegativeTestCases.Login18(NegativeTestCases.java:523)
at java.base/java.util.ArrayList.forEach(ArrayList.java:1596)
Caused by: org.openqa.selenium.ElementClickInterceptedException: element click intercepted: Element <a href="#" class="ng-tns-c116-132 ng-star-inserted" title="Masters">...</a> is not clickable at point (100, 282). Other element would receive the click: <div _ngcontent-svx-c349="" class="overlay ng-tns-c349-0 ng-trigger ng-trigger-fadeIn ng-star-inserted ng-animating" style="background-color: rgba(0, 0, 0, 0.8); z-index: 99999; position: fixed;">...</div>
  (Session info: MicrosoftEdge=138.0.3351.77)
Build info: version: '4.21.0', revision: '79ed462ef4'
System info: os.name: 'Windows 11', os.arch: 'amd64', os.version: '10.0', java.version: '21.0.7'
Driver info: org.openqa.selenium.edge.EdgeDriver
Command: [d1eb3fee3d556f09240dac7a5440c0b0, clickElement {id=f.004012FB5309F8D48FC8B7B894F88F68.d.51420A389EFF0A3FA944CBC8F1267785.e.31}]
Capabilities {acceptInsecureCerts: false, browserName: MicrosoftEdge, browserVersion: 138.0.3351.77, fedcm:accounts: true, ms:edgeOptions: {debuggerAddress: localhost:54718}, msedge: {msedgedriverVersion: 138.0.3351.77 (efaf6935b436..., userDataDir: C:\Windows\SystemTemp\scope...}, networkConnectionEnabled: false, pageLoadStrategy: normal, platformName: windows, proxy: Proxy(), se:cdp: ws://localhost:54718/devtoo..., se:cdpVersion: 138.0.3351.77, setWindowRect: true, strictFileInteractability: false, timeouts: {implicit: 0, pageLoad: 300000, script: 30000}, unhandledPromptBehavior: dismiss and notify, webauthn:extension:credBlob: true, webauthn:extension:largeBlob: true, webauthn:extension:minPinLength: true, webauthn:extension:prf: true, webauthn:virtualAuthenticators: true}
Element: [[EdgeDriver: MicrosoftEdge on windows (d1eb3fee3d556f09240dac7a5440c0b0)] -> xpath: //a[@title='Masters']]
Session ID: d1eb3fee3d556f09240dac7a5440c0b0
at org.openqa.selenium.remote.ErrorCodec.decode(ErrorCodec.java:167)
at org.openqa.selenium.remote.codec.w3c.W3CHttpResponseCodec.decode(W3CHttpResponseCodec.java:138)
at org.openqa.selenium.remote.codec.w3c.W3CHttpResponseCodec.decode(W3CHttpResponseCodec.java:50)
at org.openqa.selenium.remote.HttpCommandExecutor.execute(HttpCommandExecutor.java:190)
at org.openqa.selenium.remote.service.DriverCommandExecutor.invokeExecute(DriverCommandExecutor.java:216)
at org.openqa.selenium.remote.service.DriverCommandExecutor.execute(DriverCommandExecutor.java:174)
at org.openqa.selenium.remote.RemoteWebDriver.execute(RemoteWebDriver.java:518)
at org.openqa.selenium.remote.RemoteWebElement.execute(RemoteWebElement.java:223)
at org.openqa.selenium.remote.RemoteWebElement.click(RemoteWebElement.java:76)
at org.openqa.selenium.support.pagefactory.internal.LocatingElementHandler.invoke(LocatingElementHandler.java:51)
at jdk.proxy2/jdk.proxy2.$Proxy12.click(Unknown Source)
at EzionAbstractionComponents.Abstraction.openMasterSetup(Abstraction.java:264)
... 27 more
... Removed 30 stack frames]]>
    </failure>
  </testcase> <!-- Login18 -->
  <testcase classname="TestComponents.NegativeTestCases" name="Login23" time="0.0">
    <ignored/>
  </testcase> <!-- Login23 -->
  <testcase classname="TestComponents.NegativeTestCases" name="Login3" time="0.0">
    <ignored/>
  </testcase> <!-- Login3 -->
  <testcase classname="TestComponents.NegativeTestCases" name="Login13" time="0.0">
    <ignored/>
  </testcase> <!-- Login13 -->
  <testcase classname="TestComponents.NegativeTestCases" name="Login21" time="0.0">
    <ignored/>
  </testcase> <!-- Login21 -->
  <testcase classname="TestComponents.NegativeTestCases" name="Login1" time="0.0">
    <ignored/>
  </testcase> <!-- Login1 -->
  <testcase classname="TestComponents.NegativeTestCases" name="Login11" time="0.0">
    <ignored/>
  </testcase> <!-- Login11 -->
  <testcase classname="TestComponents.NegativeTestCases" name="Login27" time="0.0">
    <ignored/>
  </testcase> <!-- Login27 -->
  <testcase classname="TestComponents.NegativeTestCases" name="Login7" time="0.0">
    <ignored/>
  </testcase> <!-- Login7 -->
  <testcase classname="TestComponents.NegativeTestCases" name="Login17" time="0.0">
    <ignored/>
  </testcase> <!-- Login17 -->
  <testcase classname="TestComponents.NegativeTestCases" name="Login25" time="0.0">
    <ignored/>
  </testcase> <!-- Login25 -->
  <testcase classname="TestComponents.NegativeTestCases" name="Login5" time="0.0">
    <ignored/>
  </testcase> <!-- Login5 -->
  <testcase classname="TestComponents.NegativeTestCases" name="Login15" time="0.0">
    <ignored/>
  </testcase> <!-- Login15 -->
  <testcase classname="TestComponents.NegativeTestCases" name="Login12" time="0.0">
    <ignored/>
  </testcase> <!-- Login12 -->
  <testcase classname="TestComponents.NegativeTestCases" name="Login24" time="0.0">
    <ignored/>
  </testcase> <!-- Login24 -->
  <testcase classname="TestComponents.NegativeTestCases" name="Login4" time="0.0">
    <ignored/>
  </testcase> <!-- Login4 -->
  <testcase classname="TestComponents.NegativeTestCases" name="Login10" time="0.0">
    <ignored/>
  </testcase> <!-- Login10 -->
  <testcase classname="TestComponents.NegativeTestCases" name="Login2" time="0.0">
    <ignored/>
  </testcase> <!-- Login2 -->
  <testcase classname="TestComponents.NegativeTestCases" name="Login22" time="0.0">
    <ignored/>
  </testcase> <!-- Login22 -->
  <testcase classname="TestComponents.NegativeTestCases" name="Login16" time="0.0">
    <ignored/>
  </testcase> <!-- Login16 -->
  <testcase classname="TestComponents.NegativeTestCases" name="Login28" time="0.0">
    <ignored/>
  </testcase> <!-- Login28 -->
  <testcase classname="TestComponents.NegativeTestCases" name="Login8" time="0.0">
    <ignored/>
  </testcase> <!-- Login8 -->
  <testcase classname="TestComponents.NegativeTestCases" name="Login14" time="0.0">
    <ignored/>
  </testcase> <!-- Login14 -->
  <testcase classname="TestComponents.NegativeTestCases" name="Login26" time="0.0">
    <ignored/>
  </testcase> <!-- Login26 -->
  <testcase classname="TestComponents.NegativeTestCases" name="Login6" time="0.0">
    <ignored/>
  </testcase> <!-- Login6 -->
  <testcase classname="TestComponents.NegativeTestCases" name="Login29" time="0.0">
    <ignored/>
  </testcase> <!-- Login29 -->
  <testcase classname="TestComponents.NegativeTestCases" name="Login9" time="0.0">
    <ignored/>
  </testcase> <!-- Login9 -->
  <testcase classname="TestComponents.NegativeTestCases" name="Login19" time="0.0">
    <ignored/>
  </testcase> <!-- Login19 -->
  <testcase classname="TestComponents.NegativeTestCases" name="Login30" time="0.0">
    <ignored/>
  </testcase> <!-- Login30 -->
  <testcase classname="TestComponents.NegativeTestCases" name="Login20" time="0.0">
    <ignored/>
  </testcase> <!-- Login20 -->
</testsuite> <!-- Run Login18(failed)(failed) -->
