<?xml version="1.0" encoding="UTF-8"?>
<!-- Generated by org.testng.reporters.JUnitXMLReporter -->
<testsuite ignored="29" hostname="BGVM1" failures="1" tests="1" name="Run Login17(failed)(failed)" time="88.926" errors="0" timestamp="2025-07-10T11:49:34 UTC">
  <testcase classname="TestComponents.NegativeTestCases" name="Login17" time="79.869">
    <failure type="org.openqa.selenium.TimeoutException" message="Expected condition failed: waiting for visibility of Proxy element for: DefaultElementLocator &amp;apos;By.xpath: //p[contains(text(),&amp;apos;Incorrect Name&amp;apos;)]&amp;apos; (tried for 30 second(s) with 500 milliseconds interval)">
      <![CDATA[org.openqa.selenium.TimeoutException: Expected condition failed: waiting for visibility of Proxy element for: DefaultElementLocator 'By.xpath: //p[contains(text(),'Incorrect Name')]' (tried for 30 second(s) with 500 milliseconds interval)
at org.openqa.selenium.support.ui.WebDriverWait.timeoutException(WebDriverWait.java:84)
at org.openqa.selenium.support.ui.FluentWait.until(FluentWait.java:228)
at EzionAbstractionComponents.Abstraction.waitForVisibility(Abstraction.java:90)
at PharmacyFlowObjects.PharmacyStore.HMSLocationPage.getIncorrectNameMessage(HMSLocationPage.java:268)
at TestComponents.NegativeTestCases.Login17(NegativeTestCases.java:501)
at java.base/java.util.ArrayList.forEach(ArrayList.java:1596)
Caused by: org.openqa.selenium.NoSuchElementException: no such element: Unable to locate element: {"method":"xpath","selector":"//p[contains(text(),'Incorrect Name')]"}
  (Session info: MicrosoftEdge=138.0.3351.77)
For documentation on this error, please visit: https://www.selenium.dev/documentation/webdriver/troubleshooting/errors#no-such-element-exception
Build info: version: '4.21.0', revision: '79ed462ef4'
System info: os.name: 'Windows 11', os.arch: 'amd64', os.version: '10.0', java.version: '21.0.7'
Driver info: org.openqa.selenium.edge.EdgeDriver
Command: [9e2d74e1474b8972417fd66a6a1d03d8, findElement {value=//p[contains(text(),'Incorrect Name')], using=xpath}]
Capabilities {acceptInsecureCerts: false, browserName: MicrosoftEdge, browserVersion: 138.0.3351.77, fedcm:accounts: true, ms:edgeOptions: {debuggerAddress: localhost:54607}, msedge: {msedgedriverVersion: 138.0.3351.77 (efaf6935b436..., userDataDir: C:\Windows\SystemTemp\scope...}, networkConnectionEnabled: false, pageLoadStrategy: normal, platformName: windows, proxy: Proxy(), se:cdp: ws://localhost:54607/devtoo..., se:cdpVersion: 138.0.3351.77, setWindowRect: true, strictFileInteractability: false, timeouts: {implicit: 0, pageLoad: 300000, script: 30000}, unhandledPromptBehavior: dismiss and notify, webauthn:extension:credBlob: true, webauthn:extension:largeBlob: true, webauthn:extension:minPinLength: true, webauthn:extension:prf: true, webauthn:virtualAuthenticators: true}
Session ID: 9e2d74e1474b8972417fd66a6a1d03d8
at org.openqa.selenium.remote.ErrorCodec.decode(ErrorCodec.java:167)
at org.openqa.selenium.remote.codec.w3c.W3CHttpResponseCodec.decode(W3CHttpResponseCodec.java:138)
at org.openqa.selenium.remote.codec.w3c.W3CHttpResponseCodec.decode(W3CHttpResponseCodec.java:50)
at org.openqa.selenium.remote.HttpCommandExecutor.execute(HttpCommandExecutor.java:190)
at org.openqa.selenium.remote.service.DriverCommandExecutor.invokeExecute(DriverCommandExecutor.java:216)
at org.openqa.selenium.remote.service.DriverCommandExecutor.execute(DriverCommandExecutor.java:174)
at org.openqa.selenium.remote.RemoteWebDriver.execute(RemoteWebDriver.java:518)
at org.openqa.selenium.remote.ElementLocation$ElementFinder$2.findElement(ElementLocation.java:165)
at org.openqa.selenium.remote.ElementLocation.findElement(ElementLocation.java:59)
at org.openqa.selenium.remote.RemoteWebDriver.findElement(RemoteWebDriver.java:355)
at org.openqa.selenium.remote.RemoteWebDriver.findElement(RemoteWebDriver.java:349)
at org.openqa.selenium.support.pagefactory.DefaultElementLocator.findElement(DefaultElementLocator.java:68)
at org.openqa.selenium.support.pagefactory.internal.LocatingElementHandler.invoke(LocatingElementHandler.java:38)
at jdk.proxy2/jdk.proxy2.$Proxy12.isDisplayed(Unknown Source)
at org.openqa.selenium.support.ui.ExpectedConditions.elementIfVisible(ExpectedConditions.java:304)
at org.openqa.selenium.support.ui.ExpectedConditions$10.apply(ExpectedConditions.java:290)
at org.openqa.selenium.support.ui.ExpectedConditions$10.apply(ExpectedConditions.java:287)
at org.openqa.selenium.support.ui.FluentWait.until(FluentWait.java:203)
... 29 more
... Removed 28 stack frames]]>
    </failure>
  </testcase> <!-- Login17 -->
  <testcase classname="TestComponents.NegativeTestCases" name="Login25" time="0.0">
    <ignored/>
  </testcase> <!-- Login25 -->
  <testcase classname="TestComponents.NegativeTestCases" name="Login5" time="0.0">
    <ignored/>
  </testcase> <!-- Login5 -->
  <testcase classname="TestComponents.NegativeTestCases" name="Login15" time="0.0">
    <ignored/>
  </testcase> <!-- Login15 -->
  <testcase classname="TestComponents.NegativeTestCases" name="Login23" time="0.0">
    <ignored/>
  </testcase> <!-- Login23 -->
  <testcase classname="TestComponents.NegativeTestCases" name="Login3" time="0.0">
    <ignored/>
  </testcase> <!-- Login3 -->
  <testcase classname="TestComponents.NegativeTestCases" name="Login27" time="0.0">
    <ignored/>
  </testcase> <!-- Login27 -->
  <testcase classname="TestComponents.NegativeTestCases" name="Login7" time="0.0">
    <ignored/>
  </testcase> <!-- Login7 -->
  <testcase classname="TestComponents.NegativeTestCases" name="Login24" time="0.0">
    <ignored/>
  </testcase> <!-- Login24 -->
  <testcase classname="TestComponents.NegativeTestCases" name="Login4" time="0.0">
    <ignored/>
  </testcase> <!-- Login4 -->
  <testcase classname="TestComponents.NegativeTestCases" name="Login10" time="0.0">
    <ignored/>
  </testcase> <!-- Login10 -->
  <testcase classname="TestComponents.NegativeTestCases" name="Login2" time="0.0">
    <ignored/>
  </testcase> <!-- Login2 -->
  <testcase classname="TestComponents.NegativeTestCases" name="Login22" time="0.0">
    <ignored/>
  </testcase> <!-- Login22 -->
  <testcase classname="TestComponents.NegativeTestCases" name="Login29" time="0.0">
    <ignored/>
  </testcase> <!-- Login29 -->
  <testcase classname="TestComponents.NegativeTestCases" name="Login9" time="0.0">
    <ignored/>
  </testcase> <!-- Login9 -->
  <testcase classname="TestComponents.NegativeTestCases" name="Login19" time="0.0">
    <ignored/>
  </testcase> <!-- Login19 -->
  <testcase classname="TestComponents.NegativeTestCases" name="Login20" time="0.0">
    <ignored/>
  </testcase> <!-- Login20 -->
  <testcase classname="TestComponents.NegativeTestCases" name="Login30" time="0.0">
    <ignored/>
  </testcase> <!-- Login30 -->
  <testcase classname="TestComponents.NegativeTestCases" name="Login28" time="0.0">
    <ignored/>
  </testcase> <!-- Login28 -->
  <testcase classname="TestComponents.NegativeTestCases" name="Login8" time="0.0">
    <ignored/>
  </testcase> <!-- Login8 -->
  <testcase classname="TestComponents.NegativeTestCases" name="Login14" time="0.0">
    <ignored/>
  </testcase> <!-- Login14 -->
  <testcase classname="TestComponents.NegativeTestCases" name="Login26" time="0.0">
    <ignored/>
  </testcase> <!-- Login26 -->
  <testcase classname="TestComponents.NegativeTestCases" name="Login6" time="0.0">
    <ignored/>
  </testcase> <!-- Login6 -->
  <testcase classname="TestComponents.NegativeTestCases" name="Login12" time="0.0">
    <ignored/>
  </testcase> <!-- Login12 -->
  <testcase classname="TestComponents.NegativeTestCases" name="Login16" time="0.0">
    <ignored/>
  </testcase> <!-- Login16 -->
  <testcase classname="TestComponents.NegativeTestCases" name="Login13" time="0.0">
    <ignored/>
  </testcase> <!-- Login13 -->
  <testcase classname="TestComponents.NegativeTestCases" name="Login21" time="0.0">
    <ignored/>
  </testcase> <!-- Login21 -->
  <testcase classname="TestComponents.NegativeTestCases" name="Login1" time="0.0">
    <ignored/>
  </testcase> <!-- Login1 -->
  <testcase classname="TestComponents.NegativeTestCases" name="Login11" time="0.0">
    <ignored/>
  </testcase> <!-- Login11 -->
  <testcase classname="TestComponents.NegativeTestCases" name="Login18" time="0.0">
    <ignored/>
  </testcase> <!-- Login18 -->
</testsuite> <!-- Run Login17(failed)(failed) -->
