<?xml version="1.0" encoding="UTF-8"?>
<!-- Generated by org.testng.reporters.JUnitXMLReporter -->
<testsuite ignored="0" hostname="BGVM1" failures="1" tests="8" name="EzionTests(failed)" time="41.821" errors="0" timestamp="2025-07-25T12:10:54 UTC">
  <testcase classname="TestComponents.IndentFlow2" name="IndentFlow2_ShouldLoginAndNavigateToIndentPage" time="4.888"/>
  <testcase classname="TestComponents.IndentFlow2" name="IndentFlow2_ShouldCreateIndentRequestForLocation" time="2.086"/>
  <testcase classname="TestComponents.IndentFlow2" name="IndentFlow2_ShouldEditIndentAndSendRequest" time="0.923"/>
  <testcase classname="TestComponents.IndentFlow2" name="IndentFlow2_ShouldApproveIndentRequest" time="0.697">
    <failure type="org.openqa.selenium.StaleElementReferenceException" message="stale element reference: stale element not found in the current frame
  (Session info: chrome=138.0.7204.169)
For documentation on this error, please visit: https://www.selenium.dev/documentation/webdriver/troubleshooting/errors#stale-element-reference-exception
Build info: version: &amp;apos;4.21.0&amp;apos;, revision: &amp;apos;79ed462ef4&amp;apos;
System info: os.name: &amp;apos;Windows 11&amp;apos;, os.arch: &amp;apos;amd64&amp;apos;, os.version: &amp;apos;10.0&amp;apos;, java.version: &amp;apos;21.0.7&amp;apos;
Driver info: org.openqa.selenium.chrome.ChromeDriver
Command: [ab71e3799cc42da930fea0eaa8c0a42f, isElementDisplayed {id=f.D7E451BCFC672DA3EF64CA5FCF2336A7.d.0D336D6606B061F1E80F75CBAEC7C799.e.255}]
Capabilities {acceptInsecureCerts: false, browserName: chrome, browserVersion: 138.0.7204.169, chrome: {chromedriverVersion: 138.0.7204.168 (3e8d82e86e9..., userDataDir: C:\Windows\SystemTemp\scope...}, fedcm:accounts: true, goog:chromeOptions: {debuggerAddress: localhost:51541}, networkConnectionEnabled: false, pageLoadStrategy: normal, platformName: windows, proxy: Proxy(), se:cdp: ws://localhost:51541/devtoo..., se:cdpVersion: 138.0.7204.169, setWindowRect: true, strictFileInteractability: false, timeouts: {implicit: 0, pageLoad: 300000, script: 30000}, unhandledPromptBehavior: dismiss and notify, webauthn:extension:credBlob: true, webauthn:extension:largeBlob: true, webauthn:extension:minPinLength: true, webauthn:extension:prf: true, webauthn:virtualAuthenticators: true}
Element: [[ChromeDriver: chrome on windows (ab71e3799cc42da930fea0eaa8c0a42f)] -&amp;gt; xpath: (//table[contains(@class, &amp;apos;table-hover&amp;apos;)]/tbody)[4]/tr]
Session ID: ab71e3799cc42da930fea0eaa8c0a42f">
      <![CDATA[org.openqa.selenium.StaleElementReferenceException: stale element reference: stale element not found in the current frame
  (Session info: chrome=138.0.7204.169)
For documentation on this error, please visit: https://www.selenium.dev/documentation/webdriver/troubleshooting/errors#stale-element-reference-exception
Build info: version: '4.21.0', revision: '79ed462ef4'
System info: os.name: 'Windows 11', os.arch: 'amd64', os.version: '10.0', java.version: '21.0.7'
Driver info: org.openqa.selenium.chrome.ChromeDriver
Command: [ab71e3799cc42da930fea0eaa8c0a42f, isElementDisplayed {id=f.D7E451BCFC672DA3EF64CA5FCF2336A7.d.0D336D6606B061F1E80F75CBAEC7C799.e.255}]
Capabilities {acceptInsecureCerts: false, browserName: chrome, browserVersion: 138.0.7204.169, chrome: {chromedriverVersion: 138.0.7204.168 (3e8d82e86e9..., userDataDir: C:\Windows\SystemTemp\scope...}, fedcm:accounts: true, goog:chromeOptions: {debuggerAddress: localhost:51541}, networkConnectionEnabled: false, pageLoadStrategy: normal, platformName: windows, proxy: Proxy(), se:cdp: ws://localhost:51541/devtoo..., se:cdpVersion: 138.0.7204.169, setWindowRect: true, strictFileInteractability: false, timeouts: {implicit: 0, pageLoad: 300000, script: 30000}, unhandledPromptBehavior: dismiss and notify, webauthn:extension:credBlob: true, webauthn:extension:largeBlob: true, webauthn:extension:minPinLength: true, webauthn:extension:prf: true, webauthn:virtualAuthenticators: true}
Element: [[ChromeDriver: chrome on windows (ab71e3799cc42da930fea0eaa8c0a42f)] -> xpath: (//table[contains(@class, 'table-hover')]/tbody)[4]/tr]
Session ID: ab71e3799cc42da930fea0eaa8c0a42f
at org.openqa.selenium.remote.ErrorCodec.decode(ErrorCodec.java:167)
at org.openqa.selenium.remote.codec.w3c.W3CHttpResponseCodec.decode(W3CHttpResponseCodec.java:138)
at org.openqa.selenium.remote.codec.w3c.W3CHttpResponseCodec.decode(W3CHttpResponseCodec.java:50)
at org.openqa.selenium.remote.HttpCommandExecutor.execute(HttpCommandExecutor.java:190)
at org.openqa.selenium.remote.service.DriverCommandExecutor.invokeExecute(DriverCommandExecutor.java:216)
at org.openqa.selenium.remote.service.DriverCommandExecutor.execute(DriverCommandExecutor.java:174)
at org.openqa.selenium.remote.RemoteWebDriver.execute(RemoteWebDriver.java:518)
at org.openqa.selenium.remote.RemoteWebElement.execute(RemoteWebElement.java:223)
at org.openqa.selenium.remote.RemoteWebElement.isDisplayed(RemoteWebElement.java:282)
at org.openqa.selenium.support.ui.ExpectedConditions$9.apply(ExpectedConditions.java:264)
at org.openqa.selenium.support.ui.ExpectedConditions$9.apply(ExpectedConditions.java:260)
at org.openqa.selenium.support.ui.FluentWait.until(FluentWait.java:203)
at EzionAbstractionComponents.Abstraction.waitForVisibility(Abstraction.java:98)
at PharmacyIndentFlow.IndentApprovalTablePage.findAndEditIndentForApproval(IndentApprovalTablePage.java:39)
at TestComponents.IndentFlow2.IndentFlow2_ShouldApproveIndentRequest(IndentFlow2.java:69)
at java.base/java.util.ArrayList.forEach(ArrayList.java:1596)
... Removed 28 stack frames]]>
    </failure>
  </testcase> <!-- IndentFlow2_ShouldApproveIndentRequest -->
  <testcase classname="TestComponents.PharmacyPurchaseReturn2" name="PharmacyPurchaseReturn2_Login" time="0.533"/>
  <testcase classname="TestComponents.PharmacyPurchaseReturn2" name="PharmacyPurchaseReturn2_CreatePurchase" time="17.321"/>
  <testcase classname="TestComponents.PharmacyPurchaseReturn2" name="PharmacyPurchaseReturn2_GetGRN" time="1.866"/>
  <testcase classname="TestComponents.PharmacyPurchaseReturn2" name="PharmacyPurchaseReturn2_CreateReturn" time="3.11"/>
</testsuite> <!-- EzionTests(failed) -->
